<?xml version="1.0" encoding="UTF-8"?>
<testng-results skipped="0" failed="1" ignored="10" total="11" passed="0">
  <reporter-output>
  </reporter-output>
  <suite name="Default suite" duration-ms="85635" started-at="2020-09-13T05:16:53Z" finished-at="2020-09-13T05:18:19Z">
    <groups>
    </groups>
    <test name="Default test" duration-ms="85635" started-at="2020-09-13T05:16:53Z" finished-at="2020-09-13T05:18:19Z">
      <class name="com.ijmeet.functional_test.HomePageTest">
        <test-method status="PASS" signature="openBrowser()[pri:0, instance:com.ijmeet.functional_test.HomePageTest@49c386c8]" name="openBrowser" is-config="true" duration-ms="74995" started-at="2020-09-13T05:16:53Z" finished-at="2020-09-13T05:18:08Z">
          <reporter-output>
          </reporter-output>
        </test-method> <!-- openBrowser -->
        <test-method status="PASS" signature="initializePage()[pri:0, instance:com.ijmeet.functional_test.HomePageTest@49c386c8]" name="initializePage" is-config="true" duration-ms="43" started-at="2020-09-13T05:18:08Z" finished-at="2020-09-13T05:18:08Z">
          <reporter-output>
          </reporter-output>
        </test-method> <!-- initializePage -->
        <test-method status="FAIL" signature="isAndroidButtonVisibleAndClickableTest()[pri:0, instance:com.ijmeet.functional_test.HomePageTest@49c386c8]" name="isAndroidButtonVisibleAndClickableTest" duration-ms="10438" started-at="2020-09-13T05:18:08Z" finished-at="2020-09-13T05:18:19Z">
          <exception class="java.lang.AssertionError">
            <message>
              <![CDATA[expected [https://play.google.com/store/apps/details?id=com.gcnt.ijmeet] but found [https://ijmeet.com/]]]>
            </message>
            <full-stacktrace>
              <![CDATA[java.lang.AssertionError: expected [https://play.google.com/store/apps/details?id=com.gcnt.ijmeet] but found [https://ijmeet.com/]
at org.testng.Assert.fail(Assert.java:96)
at org.testng.Assert.failNotEquals(Assert.java:776)
at org.testng.Assert.assertEqualsImpl(Assert.java:137)
at org.testng.Assert.assertEquals(Assert.java:118)
at org.testng.Assert.assertEquals(Assert.java:453)
at org.testng.Assert.assertEquals(Assert.java:463)
at com.ijmeet.functional_test.HomePageTest.isAndroidButtonVisibleAndClickableTest(HomePageTest.java:142)
at sun.reflect.NativeMethodAccessorImpl.invoke0(Native Method)
at sun.reflect.NativeMethodAccessorImpl.invoke(Unknown Source)
at sun.reflect.DelegatingMethodAccessorImpl.invoke(Unknown Source)
at java.lang.reflect.Method.invoke(Unknown Source)
at org.testng.internal.MethodInvocationHelper.invokeMethod(MethodInvocationHelper.java:124)
at org.testng.internal.Invoker.invokeMethod(Invoker.java:583)
at org.testng.internal.Invoker.invokeTestMethod(Invoker.java:719)
at org.testng.internal.Invoker.invokeTestMethods(Invoker.java:989)
at org.testng.internal.TestMethodWorker.invokeTestMethods(TestMethodWorker.java:125)
at org.testng.internal.TestMethodWorker.run(TestMethodWorker.java:109)
at org.testng.TestRunner.privateRun(TestRunner.java:648)
at org.testng.TestRunner.run(TestRunner.java:505)
at org.testng.SuiteRunner.runTest(SuiteRunner.java:455)
at org.testng.SuiteRunner.runSequentially(SuiteRunner.java:450)
at org.testng.SuiteRunner.privateRun(SuiteRunner.java:415)
at org.testng.SuiteRunner.run(SuiteRunner.java:364)
at org.testng.SuiteRunnerWorker.runSuite(SuiteRunnerWorker.java:52)
at org.testng.SuiteRunnerWorker.run(SuiteRunnerWorker.java:84)
at org.testng.TestNG.runSuitesSequentially(TestNG.java:1208)
at org.testng.TestNG.runSuitesLocally(TestNG.java:1137)
at org.testng.TestNG.runSuites(TestNG.java:1049)
at org.testng.TestNG.run(TestNG.java:1017)
at org.testng.remote.AbstractRemoteTestNG.run(AbstractRemoteTestNG.java:115)
at org.testng.remote.RemoteTestNG.initAndRun(RemoteTestNG.java:251)
at org.testng.remote.RemoteTestNG.main(RemoteTestNG.java:77)
]]>
            </full-stacktrace>
          </exception> <!-- java.lang.AssertionError -->
          <reporter-output>
          </reporter-output>
        </test-method> <!-- isAndroidButtonVisibleAndClickableTest -->
        <test-method status="PASS" signature="closeBrowser()[pri:0, instance:com.ijmeet.functional_test.HomePageTest@49c386c8]" name="closeBrowser" is-config="true" duration-ms="76" started-at="2020-09-13T05:18:19Z" finished-at="2020-09-13T05:18:19Z">
          <reporter-output>
          </reporter-output>
        </test-method> <!-- closeBrowser -->
      </class> <!-- com.ijmeet.functional_test.HomePageTest -->
    </test> <!-- Default test -->
  </suite> <!-- Default suite -->
</testng-results>
