<?xml version="1.0" encoding="UTF-8"?>
<!-- Generated by org.testng.reporters.JUnitXMLReporter -->
<testsuite hostname="abc-PC" ignored="10" name="Default test" tests="1" failures="1" timestamp="13 Sep 2020 05:18:19 GMT" time="85.635" errors="0">
  <testcase name="isAndroidButtonVisibleAndClickableTest" time="10.438" classname="com.ijmeet.functional_test.HomePageTest">
    <failure type="java.lang.AssertionError" message="expected [https://play.google.com/store/apps/details?id=com.gcnt.ijmeet] but found [https://ijmeet.com/]">
      <![CDATA[java.lang.AssertionError: expected [https://play.google.com/store/apps/details?id=com.gcnt.ijmeet] but found [https://ijmeet.com/]
at org.testng.Assert.fail(Assert.java:96)
at org.testng.Assert.failNotEquals(Assert.java:776)
at org.testng.Assert.assertEqualsImpl(Assert.java:137)
at org.testng.Assert.assertEquals(Assert.java:118)
at org.testng.Assert.assertEquals(Assert.java:453)
at org.testng.Assert.assertEquals(Assert.java:463)
at com.ijmeet.functional_test.HomePageTest.isAndroidButtonVisibleAndClickableTest(HomePageTest.java:142)
at sun.reflect.NativeMethodAccessorImpl.invoke0(Native Method)
at sun.reflect.NativeMethodAccessorImpl.invoke(Unknown Source)
at sun.reflect.DelegatingMethodAccessorImpl.invoke(Unknown Source)
at java.lang.reflect.Method.invoke(Unknown Source)
at org.testng.internal.MethodInvocationHelper.invokeMethod(MethodInvocationHelper.java:124)
at org.testng.internal.Invoker.invokeMethod(Invoker.java:583)
at org.testng.internal.Invoker.invokeTestMethod(Invoker.java:719)
at org.testng.internal.Invoker.invokeTestMethods(Invoker.java:989)
at org.testng.internal.TestMethodWorker.invokeTestMethods(TestMethodWorker.java:125)
at org.testng.internal.TestMethodWorker.run(TestMethodWorker.java:109)
at org.testng.TestRunner.privateRun(TestRunner.java:648)
at org.testng.TestRunner.run(TestRunner.java:505)
at org.testng.SuiteRunner.runTest(SuiteRunner.java:455)
at org.testng.SuiteRunner.runSequentially(SuiteRunner.java:450)
at org.testng.SuiteRunner.privateRun(SuiteRunner.java:415)
at org.testng.SuiteRunner.run(SuiteRunner.java:364)
at org.testng.SuiteRunnerWorker.runSuite(SuiteRunnerWorker.java:52)
at org.testng.SuiteRunnerWorker.run(SuiteRunnerWorker.java:84)
at org.testng.TestNG.runSuitesSequentially(TestNG.java:1208)
at org.testng.TestNG.runSuitesLocally(TestNG.java:1137)
at org.testng.TestNG.runSuites(TestNG.java:1049)
at org.testng.TestNG.run(TestNG.java:1017)
at org.testng.remote.AbstractRemoteTestNG.run(AbstractRemoteTestNG.java:115)
at org.testng.remote.RemoteTestNG.initAndRun(RemoteTestNG.java:251)
at org.testng.remote.RemoteTestNG.main(RemoteTestNG.java:77)
]]>
    </failure>
  </testcase> <!-- isAndroidButtonVisibleAndClickableTest -->
  <testcase name="ishostMeetingVisibleAndClickableTest" time="0.0" classname="com.ijmeet.functional_test.HomePageTest">
    <ignored/>
  </testcase> <!-- ishostMeetingVisibleAndClickableTest -->
  <testcase name="issignUpButtonVisibleAndClickableTest" time="0.0" classname="com.ijmeet.functional_test.HomePageTest">
    <ignored/>
  </testcase> <!-- issignUpButtonVisibleAndClickableTest -->
  <testcase name="isAppleLinkVisibleAndClickableTest" time="0.0" classname="com.ijmeet.functional_test.HomePageTest">
    <ignored/>
  </testcase> <!-- isAppleLinkVisibleAndClickableTest -->
  <testcase name="isLogoVisibleAndClickableTest" time="0.0" classname="com.ijmeet.functional_test.HomePageTest">
    <ignored/>
  </testcase> <!-- isLogoVisibleAndClickableTest -->
  <testcase name="iscontactSalesVisibleAndClickableTest" time="0.0" classname="com.ijmeet.functional_test.HomePageTest">
    <ignored/>
  </testcase> <!-- iscontactSalesVisibleAndClickableTest -->
  <testcase name="isjoinMeetingVisibleAndClickableTest" time="0.0" classname="com.ijmeet.functional_test.HomePageTest">
    <ignored/>
  </testcase> <!-- isjoinMeetingVisibleAndClickableTest -->
  <testcase name="issignInButtonVisibleAndClickableTest" time="0.0" classname="com.ijmeet.functional_test.HomePageTest">
    <ignored/>
  </testcase> <!-- issignInButtonVisibleAndClickableTest -->
  <testcase name="islanguageButtonVisibleAndClickableTest" time="0.0" classname="com.ijmeet.functional_test.HomePageTest">
    <ignored/>
  </testcase> <!-- islanguageButtonVisibleAndClickableTest -->
  <testcase name="isWindowLinkVisibleAndClickableTest" time="0.0" classname="com.ijmeet.functional_test.HomePageTest">
    <ignored/>
  </testcase> <!-- isWindowLinkVisibleAndClickableTest -->
  <testcase name="verifyHomePage" time="0.0" classname="com.ijmeet.functional_test.HomePageTest">
    <ignored/>
  </testcase> <!-- verifyHomePage -->
</testsuite> <!-- Default test -->
