<?xml version="1.0" encoding="UTF-8"?>
<!-- Generated by org.testng.reporters.JUnitXMLReporter -->
<testsuite hostname="DESKTOP-4UTM8EP" ignored="3" name="InternetExplorer" tests="7" failures="1" timestamp="02 Aug 2020 06:12:51 GMT" time="0.12" errors="0">
  <testcase name="@BeforeSuite OpenBrowser" time="0.0" classname="TestCase.SetUp">
    <failure type="org.testng.TestNGException" message="
Parameter &amp;apos;browserName&amp;apos; is required by BeforeSuite on method OpenBrowser but has not been marked @Optional or defined
in C:\exa\java programs\TestNG\testng.xml">
      <![CDATA[org.testng.TestNGException: 
Parameter 'browserName' is required by BeforeSuite on method OpenBrowser but has not been marked @Optional or defined
in C:\exa\java programs\TestNG\testng.xml
... Removed 17 stack frames]]>
    </failure>
  </testcase> <!-- @BeforeSuite OpenBrowser -->
  <testcase name="@BeforeSuite signIn" time="0.0" classname="TestCase.SetUp">
    <skipped/>
  </testcase> <!-- @BeforeSuite signIn -->
  <testcase name="@BeforeClass signup" time="0.0" classname="TestCase.SetUp">
    <skipped/>
  </testcase> <!-- @BeforeClass signup -->
  <testcase name="@BeforeClass signup" time="0.0" classname="TestCase.SetUp">
    <skipped/>
  </testcase> <!-- @BeforeClass signup -->
  <testcase name="m1" time="0.0" classname="TestCase.RegresionTesting">
    <skipped/>
  </testcase> <!-- m1 -->
  <testcase name="m2" time="0.0" classname="TestCase.RegresionTesting">
    <skipped/>
  </testcase> <!-- m2 -->
  <testcase name="m3" time="0.0" classname="TestCase.RegresionTesting">
    <skipped/>
  </testcase> <!-- m3 -->
  <testcase name="m9" time="0.0" classname="TestCase.RegresionTesting">
    <failure type="org.testng.TestNGException" message="
Parameter &amp;apos;city&amp;apos; is required by @Test on method m9 but has not been marked @Optional or defined
in C:\exa\java programs\TestNG\testng.xml">
      <![CDATA[org.testng.TestNGException: 
Parameter 'city' is required by @Test on method m9 but has not been marked @Optional or defined
in C:\exa\java programs\TestNG\testng.xml
at java.util.concurrent.FutureTask.run(Unknown Source)
at java.util.concurrent.ThreadPoolExecutor.runWorker(Unknown Source)
at java.util.concurrent.ThreadPoolExecutor$Worker.run(Unknown Source)
at java.lang.Thread.run(Unknown Source)
... Removed 15 stack frames]]>
    </failure>
  </testcase> <!-- m9 -->
  <testcase name="m1" time="0.0" classname="TestCase.SanityTesting">
    <skipped/>
  </testcase> <!-- m1 -->
  <testcase name="m2" time="0.0" classname="TestCase.SanityTesting">
    <skipped/>
  </testcase> <!-- m2 -->
  <testcase name="m3" time="0.0" classname="TestCase.SanityTesting">
    <skipped/>
  </testcase> <!-- m3 -->
  <testcase name="@AfterSuite sign" time="0.0" classname="TestCase.SetUp">
    <ignored/>
  </testcase> <!-- @AfterSuite sign -->
  <testcase name="@BeforeSuite OpenBrowser" time="0.0" classname="TestCase.SetUp">
    <ignored/>
  </testcase> <!-- @BeforeSuite OpenBrowser -->
  <testcase name="@BeforeSuite signIn" time="0.0" classname="TestCase.SetUp">
    <ignored/>
  </testcase> <!-- @BeforeSuite signIn -->
</testsuite> <!-- InternetExplorer -->
